<?xml version="1.0" encoding="UTF-8"?>
<!-- Generated by org.testng.reporters.JUnitReportReporter -->
<testsuite hostname="MD" failures="0" tests="2" name="testScripts.ManagenewsTest" time="5.620" errors="0" timestamp="2025-10-20T09:33:04 BST" skipped="0">
  <testcase classname="testScripts.ManagenewsTest" name="verifyUserIsAbleSearchNews" time="2.770"/>
  <testcase classname="testScripts.ManagenewsTest" name="verifyUserIsAbleCreateNewNews" time="2.850"/>
</testsuite> <!-- testScripts.ManagenewsTest -->
