<?xml version="1.0" encoding="UTF-8"?>
<!-- Generated by org.testng.reporters.JUnitReportReporter -->
<testsuite hostname="MD" failures="0" tests="2" name="testScripts.AdminUsersTest" time="9.744" errors="0" timestamp="2025-10-15T07:31:57 BST" skipped="0">
  <testcase classname="testScripts.AdminUsersTest" name="verifyUserIsAbleToSearchUser" time="4.627"/>
  <testcase classname="testScripts.AdminUsersTest" name="verifyUserIsAbleToAddNewUser" time="5.117"/>
</testsuite> <!-- testScripts.AdminUsersTest -->
