<?xml version="1.0" encoding="UTF-8"?>
<!-- Generated by org.testng.reporters.JUnitReportReporter -->
<testsuite hostname="MD" failures="0" tests="5" name="testScripts.LoginTest" time="13.643" errors="0" timestamp="2025-10-16T15:58:41 BST" skipped="0">
  <testcase classname="testScripts.LoginTest" name="verifyLoginWithValidCredentials" time="3.304"/>
  <testcase classname="testScripts.LoginTest" name="verifyLoginWithInvalidCredentials" time="1.958"/>
  <testcase classname="testScripts.LoginTest" name="verifyLoginValidUserNameInvalidPassword" time="4.522"/>
  <testcase classname="testScripts.LoginTest" name="verifyLoginInvalidUserNameValidPassword" time="2.094"/>
  <testcase classname="testScripts.LoginTest" name="verifyLoginInvalidUserNameValidPassword" time="1.765"/>
</testsuite> <!-- testScripts.LoginTest -->
