<?xml version="1.0" encoding="UTF-8"?>
<!-- Generated by org.testng.reporters.JUnitReportReporter -->
<testsuite hostname="MD" failures="0" tests="3" name="testScripts.AdminUsersTest" time="9.315" errors="0" timestamp="2025-10-20T09:33:04 BST" skipped="0">
  <testcase classname="testScripts.AdminUsersTest" name="verifyUserIsAbleToSearchUser" time="3.059"/>
  <testcase classname="testScripts.AdminUsersTest" name="verifyUserIsAbleToReset" time="2.704"/>
  <testcase classname="testScripts.AdminUsersTest" name="verifyUserIsAbleToAddNewUser" time="3.552"/>
</testsuite> <!-- testScripts.AdminUsersTest -->
