<?xml version="1.0" encoding="UTF-8"?>
<!-- Generated by org.testng.reporters.JUnitReportReporter -->
<testsuite hostname="MD" failures="0" tests="2" name="testScripts.LoginTest" time="4.117" errors="0" timestamp="2025-10-13T11:32:38 BST" skipped="0">
  <testcase classname="testScripts.LoginTest" name="verifyLoginWithValidCredentials" time="2.110"/>
  <testcase classname="testScripts.LoginTest" name="verifyLoginWithInvalidCredentials" time="2.007"/>
</testsuite> <!-- testScripts.LoginTest -->
