<?xml version="1.0" encoding="UTF-8"?>
<!-- Generated by org.testng.reporters.JUnitReportReporter -->
<testsuite hostname="MD" failures="0" tests="2" name="testScripts.ManagenewsTest" time="5.313" errors="0" timestamp="2025-10-21T15:18:50 BST" skipped="0">
  <testcase classname="testScripts.ManagenewsTest" name="verifyWhetherUserIsAbleSearchNews" time="2.307"/>
  <testcase classname="testScripts.ManagenewsTest" name="verifyWhetherUserIsAbleCreateNewNews" time="3.006"/>
</testsuite> <!-- testScripts.ManagenewsTest -->
