<?xml version="1.0" encoding="UTF-8"?>
<!-- Generated by org.testng.reporters.JUnitReportReporter -->
<testsuite hostname="MD" failures="0" tests="1" name="testScripts.LoginTest" time="3.142" errors="0" timestamp="2025-09-29T17:22:26 BST" skipped="0">
  <testcase classname="testScripts.LoginTest" name="verifyLoginWithValidCredentials" time="3.142"/>
</testsuite> <!-- testScripts.LoginTest -->
