<?xml version="1.0" encoding="UTF-8"?>
<!-- Generated by org.testng.reporters.JUnitReportReporter -->
<testsuite hostname="MD" failures="0" tests="5" name="testScripts.LoginTest" time="12.355" errors="0" timestamp="2025-10-21T15:18:50 BST" skipped="0">
  <testcase classname="testScripts.LoginTest" name="verifyUserIsAbleToLoginWithValidCredentials" time="2.352"/>
  <testcase classname="testScripts.LoginTest" name="verifyUserIsAbleToLoginWithInvalidCredentials" time="1.702"/>
  <testcase classname="testScripts.LoginTest" name="verifyUserIsAbleToLoginValidUserNameInvalidPassword" time="1.713"/>
  <testcase classname="testScripts.LoginTest" name="verifyUserIsAbleToLoginInvalidUserNameValidPassword" time="4.933"/>
  <testcase classname="testScripts.LoginTest" name="verifyUserIsAbleToLoginInvalidUserNameValidPassword" time="1.655"/>
</testsuite> <!-- testScripts.LoginTest -->
