<?xml version="1.0" encoding="UTF-8"?>
<!-- Generated by org.testng.reporters.JUnitReportReporter -->
<testsuite hostname="MD" failures="0" tests="1" name="testScripts.HomeTest" time="9.049" errors="0" timestamp="2025-10-13T15:17:56 BST" skipped="0">
  <testcase classname="testScripts.HomeTest" name="verifyLogoutUponClickingLogout" time="9.049"/>
</testsuite> <!-- testScripts.HomeTest -->
