<?xml version="1.0" encoding="UTF-8"?>
<!-- Generated by org.testng.reporters.JUnitReportReporter -->
<testsuite hostname="MD" failures="0" tests="1" name="testScripts.HomeTest" time="4.744" errors="0" timestamp="2025-10-06T01:13:19 BST" skipped="0">
  <testcase classname="testScripts.HomeTest" name="verifyLogoutUponClickingLogout" time="4.744"/>
</testsuite> <!-- testScripts.HomeTest -->
