<?xml version="1.0" encoding="UTF-8"?>
<!-- Generated by org.testng.reporters.JUnitReportReporter -->
<testsuite hostname="MD" failures="0" tests="2" name="testScripts.LoginTest" time="4.690" errors="0" timestamp="2025-10-13T15:33:09 BST" skipped="0">
  <testcase classname="testScripts.LoginTest" name="verifyLoginInvalidUserNameValidPassword" time="1.914"/>
  <testcase classname="testScripts.LoginTest" name="verifyLoginInvalidUserNameValidPassword" time="2.776"/>
</testsuite> <!-- testScripts.LoginTest -->
