<?xml version="1.0" encoding="UTF-8"?>
<!-- Generated by org.testng.reporters.JUnitReportReporter -->
<testsuite hostname="MD" failures="0" tests="1" name="testScripts.HomeTest" time="4.742" errors="0" timestamp="2025-10-03T01:45:29 BST" skipped="0">
  <testcase classname="testScripts.HomeTest" name="verifyLogoutUponClickingLogout" time="4.742"/>
</testsuite> <!-- testScripts.HomeTest -->
