<?xml version="1.0" encoding="UTF-8"?>
<!-- Generated by org.testng.reporters.JUnitReportReporter -->
<testsuite hostname="MD" failures="0" tests="5" name="testScripts.LoginTest" time="13.084" errors="0" timestamp="2025-10-20T09:33:04 BST" skipped="0">
  <testcase classname="testScripts.LoginTest" name="verifyLoginWithValidCredentials" time="3.196"/>
  <testcase classname="testScripts.LoginTest" name="verifyLoginWithInvalidCredentials" time="1.748"/>
  <testcase classname="testScripts.LoginTest" name="verifyLoginValidUserNameInvalidPassword" time="1.835"/>
  <testcase classname="testScripts.LoginTest" name="verifyLoginInvalidUserNameValidPassword" time="4.025"/>
  <testcase classname="testScripts.LoginTest" name="verifyLoginInvalidUserNameValidPassword" time="2.280"/>
</testsuite> <!-- testScripts.LoginTest -->
