<?xml version="1.0" encoding="UTF-8"?>
<!-- Generated by org.testng.reporters.JUnitReportReporter -->
<testsuite hostname="MD" failures="0" tests="1" name="testScripts.AdminUsersTest" time="12.671" errors="0" timestamp="2025-10-06T15:49:02 BST" skipped="0">
  <testcase classname="testScripts.AdminUsersTest" name="verifyUserIsAbleToAddNewUser" time="12.671"/>
</testsuite> <!-- testScripts.AdminUsersTest -->
