<?xml version="1.0" encoding="UTF-8"?>
<!-- Generated by org.testng.reporters.JUnitReportReporter -->
<testsuite hostname="MD" failures="0" tests="3" name="testScripts.AdminUsersTest" time="8.178" errors="0" timestamp="2025-10-21T15:18:50 BST" skipped="0">
  <testcase classname="testScripts.AdminUsersTest" name="verifyWheteherUserIsAbleToAddANewUser" time="3.026"/>
  <testcase classname="testScripts.AdminUsersTest" name="verifyWhetherUserIsAbleToResetThePage" time="2.514"/>
  <testcase classname="testScripts.AdminUsersTest" name="verifyWhetherUserIsAbleToSearchAUser" time="2.638"/>
</testsuite> <!-- testScripts.AdminUsersTest -->
