<?xml version="1.0" encoding="UTF-8"?>
<!-- Generated by org.testng.reporters.JUnitReportReporter -->
<testsuite hostname="MD" failures="0" tests="1" name="testScripts.HomeTest" time="2.445" errors="0" timestamp="2025-10-20T09:33:04 BST" skipped="0">
  <testcase classname="testScripts.HomeTest" name="verifyLogoutUponClickingLogout" time="2.445"/>
</testsuite> <!-- testScripts.HomeTest -->
