<?xml version="1.0" encoding="UTF-8"?>
<!-- Generated by org.testng.reporters.JUnitReportReporter -->
<testsuite hostname="MD" failures="0" tests="1" name="testScripts.LoginTest" time="8.665" errors="0" timestamp="2025-10-15T15:34:21 BST" skipped="0">
  <testcase classname="testScripts.LoginTest" name="verifyLoginWithValidCredentials" time="8.665"/>
</testsuite> <!-- testScripts.LoginTest -->
