<?xml version="1.0" encoding="UTF-8"?>
<!-- Generated by org.testng.reporters.JUnitReportReporter -->
<testsuite hostname="MD" failures="0" tests="1" name="testScripts.ManagenewsTest" time="4.254" errors="0" timestamp="2025-10-14T18:11:28 BST" skipped="0">
  <testcase classname="testScripts.ManagenewsTest" name="verifyUserIsAbleCreateNewNews" time="4.254"/>
</testsuite> <!-- testScripts.ManagenewsTest -->
