<?xml version="1.0" encoding="UTF-8"?>
<!-- Generated by org.testng.reporters.JUnitReportReporter -->
<testsuite hostname="MD" failures="0" tests="1" name="testScripts.AdminUsersTest" time="5.473" errors="0" timestamp="2025-10-06T03:34:39 BST" skipped="0">
  <testcase classname="testScripts.AdminUsersTest" name="verifyUserIsAbleToSearchUser" time="5.473"/>
</testsuite> <!-- testScripts.AdminUsersTest -->
