<?xml version="1.0" encoding="UTF-8"?>
<!-- Generated by org.testng.reporters.JUnitReportReporter -->
<testsuite hostname="MD" failures="0" tests="1" name="testScripts.LoginTest" time="8.449" errors="0" timestamp="2025-10-06T15:55:27 BST" skipped="0">
  <testcase classname="testScripts.LoginTest" name="verifyLoginWithInvalidCredentials" time="8.449"/>
</testsuite> <!-- testScripts.LoginTest -->
