<?xml version="1.0" encoding="UTF-8"?>
<!-- Generated by org.testng.reporters.JUnitReportReporter -->
<testsuite hostname="MD" failures="0" tests="3" name="testScripts.AdminUsersTest" time="18.468" errors="0" timestamp="2025-10-16T15:58:41 BST" skipped="0">
  <testcase classname="testScripts.AdminUsersTest" name="verifyUserIsAbleToSearchUser" time="5.358"/>
  <testcase classname="testScripts.AdminUsersTest" name="verifyUserIsAbleToReset" time="5.890"/>
  <testcase classname="testScripts.AdminUsersTest" name="verifyUserIsAbleToAddNewUser" time="7.220"/>
</testsuite> <!-- testScripts.AdminUsersTest -->
