<?xml version="1.0" encoding="UTF-8"?>
<!-- Generated by org.testng.reporters.JUnitReportReporter -->
<testsuite hostname="MD" failures="0" tests="1" name="testScripts.HomeTest" time="2.062" errors="0" timestamp="2025-10-21T15:18:50 BST" skipped="0">
  <testcase classname="testScripts.HomeTest" name="verifyWhetherTheUserIsAbleToLogout" time="2.062"/>
</testsuite> <!-- testScripts.HomeTest -->
