<?xml version="1.0" encoding="UTF-8"?>
<!-- Generated by org.testng.reporters.JUnitReportReporter -->
<testsuite hostname="MD" failures="0" tests="2" name="testScripts.ManagenewsTest" time="10.114" errors="0" timestamp="2025-10-16T15:58:41 BST" skipped="0">
  <testcase classname="testScripts.ManagenewsTest" name="verifyUserIsAbleCreateNewNews" time="5.483"/>
  <testcase classname="testScripts.ManagenewsTest" name="verifyUserIsAbleSearchNews" time="4.631"/>
</testsuite> <!-- testScripts.ManagenewsTest -->
